Arguments: 
  C:\Program Files\nodejs\node.exe C:\Users\Palko\AppData\Roaming\npm\node_modules\yarn\bin\yarn.js init

PATH: 
  C:\Program Files (x86)\Microsoft SDKs\Azure\CLI2\wbin;C:\Program Files\Microsoft MPI\Bin\;C:\Program Files (x86)\Razer Chroma SDK\bin;C:\Program Files\Razer Chroma SDK\bin;C:\Program Files\AdoptOpenJDK\jdk-11.0.10.9-hotspot\bin;C:\WINDOWS\system32;C:\WINDOWS;C:\WINDOWS\System32\Wbem;C:\WINDOWS\System32\WindowsPowerShell\v1.0\;C:\WINDOWS\System32\OpenSSH\;C:\Program Files\dotnet\;C:\Program Files\Microsoft SQL Server\130\Tools\Binn\;C:\Program Files\Microsoft SQL Server\Client SDK\ODBC\170\Tools\Binn\;C:\MinGW\bin;C:\Program Files\Java\jdk-15.0.2\bin;C:\Program Files\Git\cmd;C:\Program Files\MATLAB\R2020b\runtime\win64;C:\Program Files\MATLAB\R2020b\bin;C:\Program Files (x86)\Razer\ChromaBroadcast\bin;C:\Program Files\Razer\ChromaBroadcast\bin;C:\WINDOWS\system32\config\systemprofile\AppData\Local\Microsoft\WindowsApps;C:\Program Files (x86)\NVIDIA Corporation\PhysX\Common;C:\Program Files\NVIDIA Corporation\NVIDIA NvDLISR;C:\Program Files (x86)\Common Files\Propellerhead Software\ReWire\;C:\Program Files\Common Files\Propellerhead Software\ReWire\;C:\Program Files\nodejs\;C:\Program Files\Docker\Docker\resources\bin;C:\ProgramData\DockerDesktop\version-bin;C:\Program Files\PuTTY\;C:\Program Files (x86)\Common Files\DivX Shared\DesktopService;C:\ProgramData\chocolatey\bin;C:\Program Files\Microsoft SQL Server\150\Tools\Binn\;C:\Program Files (x86)\Microsoft SQL Server\160\Tools\Binn\;C:\Program Files\Microsoft SQL Server\160\Tools\Binn\;C:\Program Files\Microsoft SQL Server\160\DTS\Binn\;C:\Program Files\MySQL\MySQL Server 8.0\bin;C:\Users\Palko\AppData\Roaming\local\bin;C:\Users\Palko\AppData\Local\Programs\Python\Python310\Scripts\;C:\Users\Palko\AppData\Local\Programs\Python\Python310\;C:\Python39\Scripts\;C:\Python39\;C:\Users\Palko\AppData\Local\Microsoft\WindowsApps;C:\Users\Palko\.dotnet\tools;C:\Program Files\JetBrains\IntelliJ IDEA Educational Edition 2020.3.2\bin;C:\Program Files\JetBrains\IntelliJ IDEA 2020.3.2\bin;C:\Program Files\JetBrains\DataGrip 2020.3.2\bin;C:\Users\Palko\AppData\Local\Programs\MiKTeX\miktex\bin\x64\;C:\Users\Palko\AppData\Roaming\npm;C:\Users\Palko\AppData\Local\JetBrains\Toolbox\scripts;C:\ProgramData\Palko\GitHubDesktop\bin;C:\Users\Palko\AppData\Local\GitHubDesktop\bin;C:\Users\Palko\AppData\Local\Programs\Microsoft VS Code\bin;C:\Users\Palko\.dotnet\tools;C:\Users\Palko\Desktop\Me\FAKULTET A INTERNAT\Ing\8. semester\8. semester Pako\PPDS\pthreads-20100604\mingw64\bin;C:\MinGW\bin;C:\OpenSSL-Win64\bin\openssl.cfg;C:\OpenSSL-Win64\bin;C:\Users\Palko\AppData\Local\Programs\Azure Data Studio\bin;

Yarn version: 
  1.22.19

Node version: 
  16.14.2

Platform: 
  win32 x64

Trace: 
  Error: canceled
      at Interface.<anonymous> (C:\Users\Palko\AppData\Roaming\npm\node_modules\yarn\lib\cli.js:137150:13)
      at Interface.emit (node:events:526:28)
      at Interface._ttyWrite (node:readline:1081:16)
      at ReadStream.onkeypress (node:readline:288:10)
      at ReadStream.emit (node:events:526:28)
      at emitKeys (node:internal/readline/utils:358:14)
      at emitKeys.next (<anonymous>)
      at ReadStream.onData (node:internal/readline/emitKeypressEvents:61:36)
      at ReadStream.emit (node:events:526:28)
      at addChunk (node:internal/streams/readable:315:12)

npm manifest: 
  No manifest

yarn manifest: 
  No manifest

Lockfile: 
  No lockfile
